<?xml version="1.0" encoding="UTF-8"?>
<!-- Generated by org.testng.reporters.JUnitReportReporter -->
<testsuite hostname="DESKTOP-3UJCT63" failures="0" tests="1" name="com.TestExecution.EbayProductValidationTest" time="23.539" errors="0" timestamp="2022-01-29T21:59:22 IST" skipped="0">
  <testcase classname="com.TestExecution.EbayProductValidationTest" name="eBayValidationTest001" time="23.539"/>
  <system-out/>
</testsuite> <!-- com.TestExecution.EbayProductValidationTest -->
