<?xml version="1.0" encoding="UTF-8"?>
<!-- Generated by org.testng.reporters.JUnitReportReporter -->
<testsuite hostname="DESKTOP-3UJCT63" failures="0" tests="2" name="com.TestExecution.GMailLogginValidationTest" time="42.247" errors="0" timestamp="2022-01-29T21:59:22 IST" skipped="0">
  <testcase classname="com.TestExecution.GMailLogginValidationTest" name="gMailLogginValidationTest001" time="26.879"/>
  <system-out/>
  <testcase classname="com.TestExecution.GMailLogginValidationTest" name="gMailLogginValidationTest002" time="15.368"/>
  <system-out/>
</testsuite> <!-- com.TestExecution.GMailLogginValidationTest -->
