<?xml version="1.0" encoding="UTF-8"?>
<!-- Generated by org.testng.reporters.JUnitReportReporter -->
<testsuite hostname="DESKTOP-3UJCT63" failures="0" tests="2" name="com.TestExecution.GMailLogginValidationTest" time="78.359" errors="0" timestamp="2022-01-29T19:48:44 IST" skipped="0">
  <testcase classname="com.TestExecution.GMailLogginValidationTest" name="gMailLogginValidationTest001" time="39.696"/>
  <system-out/>
  <testcase classname="com.TestExecution.GMailLogginValidationTest" name="gMailLogginValidationTest002" time="38.663"/>
  <system-out/>
</testsuite> <!-- com.TestExecution.GMailLogginValidationTest -->
