<?xml version="1.0" encoding="UTF-8"?>
<!-- Generated by org.testng.reporters.JUnitReportReporter -->
<testsuite hostname="DESKTOP-3UJCT63" failures="0" tests="1" name="com.TestExecution.EbayProductValidation" time="28.751" errors="0" timestamp="2022-01-29T19:48:44 IST" skipped="0">
  <testcase classname="com.TestExecution.EbayProductValidation" name="gMailLogginValidationTest001" time="28.751"/>
  <system-out/>
</testsuite> <!-- com.TestExecution.EbayProductValidation -->
